
> official-document-generator@1.0.0 dev
> vite


  VITE v4.5.14  ready in 330 ms

  ➜  Local:   http://localhost:8081/
  ➜  Network: http://192.168.2.251:8081/
  ➜  Network: http://172.23.0.1:8081/
  ➜  Network: http://172.19.0.1:8081/
  ➜  Network: http://172.17.0.1:8081/
(node:71419) [DEP0060] DeprecationWarning: The `util._extend` API is deprecated. Please use Object.assign() instead.
(Use `node --trace-deprecation ...` to show where the warning was created)
5:57:23 PM [vite] hmr update /src/views/DocumentGenerator.vue
5:57:34 PM [vite] hmr update /src/views/DocumentGenerator.vue
5:57:34 PM [vite] http proxy error at /api/templates:
AggregateError [ECONNREFUSED]: 
    at internalConnectMultiple (node:net:1139:18)
    at afterConnectMultiple (node:net:1712:7)
5:57:47 PM [vite] hmr update /src/views/DocumentGenerator.vue
5:57:48 PM [vite] http proxy error at /api/templates:
AggregateError [ECONNREFUSED]: 
    at internalConnectMultiple (node:net:1139:18)
    at afterConnectMultiple (node:net:1712:7)
5:57:55 PM [vite] hmr update /src/views/DocumentGenerator.vue
5:57:56 PM [vite] http proxy error at /api/templates:
AggregateError [ECONNREFUSED]: 
    at internalConnectMultiple (node:net:1139:18)
    at afterConnectMultiple (node:net:1712:7)
6:33:54 PM [vite] http proxy error at /api/templates:
AggregateError [ECONNREFUSED]: 
    at internalConnectMultiple (node:net:1139:18)
    at afterConnectMultiple (node:net:1712:7)
6:34:16 PM [vite] http proxy error at /api/knowledge/upload:
AggregateError [ECONNREFUSED]: 
    at internalConnectMultiple (node:net:1139:18)
    at afterConnectMultiple (node:net:1712:7)
6:34:46 PM [vite] http proxy error at /api/templates:
AggregateError [ECONNREFUSED]: 
    at internalConnectMultiple (node:net:1139:18)
    at afterConnectMultiple (node:net:1712:7)
7:05:51 PM [vite] http proxy error at /api/templates:
AggregateError [ECONNREFUSED]: 
    at internalConnectMultiple (node:net:1139:18)
    at afterConnectMultiple (node:net:1712:7)
7:07:26 PM [vite] http proxy error at /api/templates:
AggregateError [ECONNREFUSED]: 
    at internalConnectMultiple (node:net:1139:18)
    at afterConnectMultiple (node:net:1712:7)
files in the public directory are served at the root path.
Instead of /public/stylesheets/theme.css, use /stylesheets/theme.css.
5:32:02 AM [vite] http proxy error at /api/templates:
AggregateError [ECONNREFUSED]: 
    at internalConnectMultiple (node:net:1139:18)
    at afterConnectMultiple (node:net:1712:7)
5:33:54 AM [vite] http proxy error at /api/templates:
AggregateError [ECONNREFUSED]: 
    at internalConnectMultiple (node:net:1139:18)
    at afterConnectMultiple (node:net:1712:7)
5:34:20 AM [vite] http proxy error at /api/templates:
AggregateError [ECONNREFUSED]: 
    at internalConnectMultiple (node:net:1139:18)
    at afterConnectMultiple (node:net:1712:7)
